Log file open, 06/18/18 00:28:23
LogWindows: Failed to load 'aqProf.dll' (GetLastError=126)
LogWindows: File 'aqProf.dll' does not exist
LogWindows: Failed to load 'VtuneApi.dll' (GetLastError=126)
LogWindows: File 'VtuneApi.dll' does not exist
LogWindows: Failed to load 'VtuneApi32e.dll' (GetLastError=126)
LogWindows: File 'VtuneApi32e.dll' does not exist
LogInit: Display: Running engine for game: BorRun
LogPlatformFile: Not using cached read wrapper
LogInit: Display: RandInit(1174883712) SRandInit(1174883712).
LogInit: Read version file with build ID '3944462'
LogInit: Overriding engine version to CL 4033788, compatible CL 3944462
LogInit: Registered custom module enumerator with build ID '3944462'
LogTaskGraph: Started task graph with 5 named threads and 11 total threads with 3 sets of task threads.
LogStats: Stats thread started at 0.206460
LogD3D11RHI: Aftermath initialized
LogICUInternationalization: Display: ICU TimeZone Detection - Raw Offset: +5:30, Platform Override: ''
LogModuleManager: Display: Found up-to-date module file ../../../Engine/Plugins/2D/Paper2D/Binaries/Win64/UE4Editor-Paper2D.dll (API version 3944462).
LogModuleManager: Display: Found up-to-date module file ../../../Engine/Plugins/2D/Paper2D/Binaries/Win64/UE4Editor-Paper2DEditor.dll (API version 3944462).
LogModuleManager: Display: Found up-to-date module file ../../../Engine/Plugins/2D/Paper2D/Binaries/Win64/UE4Editor-PaperSpriteSheetImporter.dll (API version 3944462).
LogModuleManager: Display: Found up-to-date module file ../../../Engine/Plugins/2D/Paper2D/Binaries/Win64/UE4Editor-PaperTiledImporter.dll (API version 3944462).
LogModuleManager: Display: Found up-to-date module file ../../../Engine/Plugins/2D/Paper2D/Binaries/Win64/UE4Editor-SmartSnapping.dll (API version 3944462).
LogModuleManager: Display: Found up-to-date module file ../../../Engine/Plugins/Blendables/LightPropagationVolume/Binaries/Win64/UE4Editor-LightPropagationVolumeRuntime.dll (API version 3944462).
LogModuleManager: Display: Found up-to-date module file ../../../Engine/Plugins/Blendables/LightPropagationVolume/Binaries/Win64/UE4Editor-LightPropagationVolumeEditor.dll (API version 3944462).
LogModuleManager: Display: Found up-to-date module file ../../../Engine/Plugins/Developer/CLionSourceCodeAccess/Binaries/Win64/UE4Editor-CLionSourceCodeAccess.dll (API version 3944462).
LogModuleManager: Display: Found up-to-date module file ../../../Engine/Plugins/Developer/GitSourceControl/Binaries/Win64/UE4Editor-GitSourceControl.dll (API version 3944462).
LogModuleManager: Display: Found up-to-date module file ../../../Engine/Plugins/Developer/PerforceSourceControl/Binaries/Win64/UE4Editor-PerforceSourceControl.dll (API version 3944462).
LogModuleManager: Display: Found up-to-date module file ../../../Engine/Plugins/Developer/SubversionSourceControl/Binaries/Win64/UE4Editor-SubversionSourceControl.dll (API version 3944462).
LogModuleManager: Display: Found up-to-date module file ../../../Engine/Plugins/Developer/UObjectPlugin/Binaries/Win64/UE4Editor-UObjectPlugin.dll (API version 3944462).
LogModuleManager: Display: Found up-to-date module file ../../../Engine/Plugins/Developer/VisualStudioCodeSourceCodeAccess/Binaries/Win64/UE4Editor-VisualStudioCodeSourceCodeAccess.dll (API version 3944462).
LogModuleManager: Display: Found up-to-date module file ../../../Engine/Plugins/Developer/VisualStudioSourceCodeAccess/Binaries/Win64/UE4Editor-VisualStudioSourceCodeAccess.dll (API version 3944462).
LogModuleManager: Display: Found up-to-date module file ../../../Engine/Plugins/Editor/AssetManagerEditor/Binaries/Win64/UE4Editor-AssetManagerEditor.dll (API version 3944462).
LogModuleManager: Display: Found up-to-date module file ../../../Engine/Plugins/Editor/CryptoKeys/Binaries/Win64/UE4Editor-CryptoKeys.dll (API version 3944462).
LogModuleManager: Display: Found up-to-date module file ../../../Engine/Plugins/Editor/CryptoKeys/Binaries/Win64/UE4Editor-CryptoKeysOpenSSL.dll (API version 3944462).
LogModuleManager: Display: Found up-to-date module file ../../../Engine/Plugins/Editor/DataValidation/Binaries/Win64/UE4Editor-DataValidation.dll (API version 3944462).
LogModuleManager: Display: Found up-to-date module file ../../../Engine/Plugins/Editor/FacialAnimation/Binaries/Win64/UE4Editor-FacialAnimation.dll (API version 3944462).
LogModuleManager: Display: Found up-to-date module file ../../../Engine/Plugins/Editor/FacialAnimation/Binaries/Win64/UE4Editor-FacialAnimationEditor.dll (API version 3944462).
LogModuleManager: Display: Found up-to-date module file ../../../Engine/Plugins/Editor/GameplayTagsEditor/Binaries/Win64/UE4Editor-GameplayTagsEditor.dll (API version 3944462).
LogModuleManager: Display: Found up-to-date module file ../../../Engine/Plugins/Editor/MobileLauncherProfileWizard/Binaries/Win64/UE4Editor-MobileLauncherProfileWizard.dll (API version 3944462).
LogModuleManager: Display: Found up-to-date module file ../../../Engine/Plugins/Editor/PluginBrowser/Binaries/Win64/UE4Editor-PluginBrowser.dll (API version 3944462).
LogModuleManager: Display: Found up-to-date module file ../../../Engine/Plugins/Editor/SpeedTreeImporter/Binaries/Win64/UE4Editor-SpeedTreeImporter.dll (API version 3944462).
LogModuleManager: Display: Found up-to-date module file ../../../Engine/Plugins/Enterprise/DatasmithContent/Binaries/Win64/UE4Editor-DatasmithContent.dll (API version 3944462).
LogModuleManager: Display: Found up-to-date module file ../../../Engine/Plugins/Experimental/AlembicImporter/Binaries/Win64/UE4Editor-AlembicImporter.dll (API version 3944462).
LogModuleManager: Display: Found up-to-date module file ../../../Engine/Plugins/Experimental/AlembicImporter/Binaries/Win64/UE4Editor-AlembicLibrary.dll (API version 3944462).
LogModuleManager: Display: Found up-to-date module file ../../../Engine/Plugins/Experimental/CharacterAI/Binaries/Win64/UE4Editor-CharacterAI.dll (API version 3944462).
LogModuleManager: Display: Found up-to-date module file ../../../Engine/Plugins/Experimental/HTML5Networking/Binaries/Win64/UE4Editor-HTML5Networking.dll (API version 3944462).
LogModuleManager: Display: Found up-to-date module file ../../../Engine/Plugins/Media/AndroidMedia/Binaries/Win64/UE4Editor-AndroidMediaEditor.dll (API version 3944462).
LogModuleManager: Display: Found up-to-date module file ../../../Engine/Plugins/Media/AndroidMedia/Binaries/Win64/UE4Editor-AndroidMediaFactory.dll (API version 3944462).
LogModuleManager: Display: Found up-to-date module file ../../../Engine/Plugins/Media/AvfMedia/Binaries/Win64/UE4Editor-AvfMediaEditor.dll (API version 3944462).
LogModuleManager: Display: Found up-to-date module file ../../../Engine/Plugins/Media/AvfMedia/Binaries/Win64/UE4Editor-AvfMediaFactory.dll (API version 3944462).
LogModuleManager: Display: Found up-to-date module file ../../../Engine/Plugins/Media/AvfMedia/Binaries/Win64/UE4Editor-AvfMediaFactory.dll (API version 3944462).
LogModuleManager: Display: Found up-to-date module file ../../../Engine/Plugins/Media/ImgMedia/Binaries/Win64/UE4Editor-ImgMedia.dll (API version 3944462).
LogModuleManager: Display: Found up-to-date module file ../../../Engine/Plugins/Media/ImgMedia/Binaries/Win64/UE4Editor-ImgMediaEditor.dll (API version 3944462).
LogModuleManager: Display: Found up-to-date module file ../../../Engine/Plugins/Media/ImgMedia/Binaries/Win64/UE4Editor-ImgMediaFactory.dll (API version 3944462).
LogModuleManager: Display: Found up-to-date module file ../../../Engine/Plugins/Media/ImgMedia/Binaries/Win64/UE4Editor-ImgMediaFactory.dll (API version 3944462).
LogModuleManager: Display: Found up-to-date module file ../../../Engine/Plugins/Media/ImgMedia/Binaries/Win64/UE4Editor-OpenExrWrapper.dll (API version 3944462).
LogModuleManager: Display: Found up-to-date module file ../../../Engine/Plugins/Media/LinearTimecode/Binaries/Win64/UE4Editor-LinearTimecode.dll (API version 3944462).
LogModuleManager: Display: Found up-to-date module file ../../../Engine/Plugins/Media/MediaCompositing/Binaries/Win64/UE4Editor-MediaCompositing.dll (API version 3944462).
LogModuleManager: Display: Found up-to-date module file ../../../Engine/Plugins/Media/MediaCompositing/Binaries/Win64/UE4Editor-MediaCompositingEditor.dll (API version 3944462).
LogModuleManager: Display: Found up-to-date module file ../../../Engine/Plugins/Media/MediaPlayerEditor/Binaries/Win64/UE4Editor-MediaPlayerEditor.dll (API version 3944462).
LogModuleManager: Display: Found up-to-date module file ../../../Engine/Plugins/Media/WmfMedia/Binaries/Win64/UE4Editor-WmfMedia.dll (API version 3944462).
LogModuleManager: Display: Found up-to-date module file ../../../Engine/Plugins/Media/WmfMedia/Binaries/Win64/UE4Editor-WmfMediaEditor.dll (API version 3944462).
LogModuleManager: Display: Found up-to-date module file ../../../Engine/Plugins/Media/WmfMedia/Binaries/Win64/UE4Editor-WmfMediaFactory.dll (API version 3944462).
LogModuleManager: Display: Found up-to-date module file ../../../Engine/Plugins/Media/WmfMedia/Binaries/Win64/UE4Editor-WmfMediaFactory.dll (API version 3944462).
LogModuleManager: Display: Found up-to-date module file ../../../Engine/Plugins/Messaging/TcpMessaging/Binaries/Win64/UE4Editor-TcpMessaging.dll (API version 3944462).
LogModuleManager: Display: Found up-to-date module file ../../../Engine/Plugins/Messaging/UdpMessaging/Binaries/Win64/UE4Editor-UdpMessaging.dll (API version 3944462).
LogModuleManager: Display: Found up-to-date module file ../../../Engine/Plugins/MovieScene/ActorSequence/Binaries/Win64/UE4Editor-ActorSequence.dll (API version 3944462).
LogModuleManager: Display: Found up-to-date module file ../../../Engine/Plugins/MovieScene/LevelSequenceEditor/Binaries/Win64/UE4Editor-LevelSequenceEditor.dll (API version 3944462).
LogModuleManager: Display: Found up-to-date module file ../../../Engine/Plugins/MovieScene/MatineeToLevelSequence/Binaries/Win64/UE4Editor-MatineeToLevelSequence.dll (API version 3944462).
LogModuleManager: Display: Found up-to-date module file ../../../Engine/Plugins/NetcodeUnitTest/NetcodeUnitTest/Binaries/Win64/UE4Editor-NetcodeUnitTest.dll (API version 3944462).
LogModuleManager: Display: Found up-to-date module file ../../../Engine/Plugins/NetcodeUnitTest/NUTUnrealEngine4/Binaries/Win64/UE4Editor-NUTUnrealEngine4.dll (API version 3944462).
LogModuleManager: Display: Found up-to-date module file ../../../Engine/Plugins/Online/OnlineSubsystem/Binaries/Win64/UE4Editor-OnlineSubsystem.dll (API version 3944462).
LogModuleManager: Display: Found up-to-date module file ../../../Engine/Plugins/Runtime/AndroidPermission/Binaries/Win64/UE4Editor-AndroidPermission.dll (API version 3944462).
LogModuleManager: Display: Found up-to-date module file ../../../Engine/Plugins/Online/OnlineSubsystemNull/Binaries/Win64/UE4Editor-OnlineSubsystemNull.dll (API version 3944462).
LogModuleManager: Display: Found up-to-date module file ../../../Engine/Plugins/Online/OnlineSubsystemUtils/Binaries/Win64/UE4Editor-OnlineSubsystemUtils.dll (API version 3944462).
LogModuleManager: Display: Found up-to-date module file ../../../Engine/Plugins/Online/OnlineSubsystemUtils/Binaries/Win64/UE4Editor-OnlineBlueprintSupport.dll (API version 3944462).
LogModuleManager: Display: Found up-to-date module file ../../../Engine/Plugins/Runtime/AndroidDeviceProfileSelector/Binaries/Win64/UE4Editor-AndroidDeviceProfileSelector.dll (API version 3944462).
LogModuleManager: Display: Found up-to-date module file ../../../Engine/Plugins/Runtime/AppleARKit/Binaries/Win64/UE4Editor-AppleARKit.dll (API version 3944462).
LogModuleManager: Display: Found up-to-date module file ../../../Engine/Plugins/Runtime/ProceduralMeshComponent/Binaries/Win64/UE4Editor-ProceduralMeshComponent.dll (API version 3944462).
LogModuleManager: Display: Found up-to-date module file ../../../Engine/Plugins/Runtime/ProceduralMeshComponent/Binaries/Win64/UE4Editor-ProceduralMeshComponentEditor.dll (API version 3944462).
LogModuleManager: Display: Found up-to-date module file ../../../Engine/Plugins/Animation/LiveLink/Binaries/Win64/UE4Editor-LiveLink.dll (API version 3944462).
LogModuleManager: Display: Found up-to-date module file ../../../Engine/Plugins/Animation/LiveLink/Binaries/Win64/UE4Editor-LiveLinkEditor.dll (API version 3944462).
LogModuleManager: Display: Found up-to-date module file ../../../Engine/Plugins/Runtime/ArchVisCharacter/Binaries/Win64/UE4Editor-ArchVisCharacter.dll (API version 3944462).
LogModuleManager: Display: Found up-to-date module file ../../../Engine/Plugins/Runtime/AudioCapture/Binaries/Win64/UE4Editor-AudioCapture.dll (API version 3944462).
LogModuleManager: Display: Found up-to-date module file ../../../Engine/Plugins/Runtime/AudioCapture/Binaries/Win64/UE4Editor-AudioCaptureEditor.dll (API version 3944462).
LogModuleManager: Display: Found up-to-date module file ../../../Engine/Plugins/Runtime/CableComponent/Binaries/Win64/UE4Editor-CableComponent.dll (API version 3944462).
LogModuleManager: Display: Found up-to-date module file ../../../Engine/Plugins/Runtime/CustomMeshComponent/Binaries/Win64/UE4Editor-CustomMeshComponent.dll (API version 3944462).
LogModuleManager: Display: Found up-to-date module file ../../../Engine/Plugins/Runtime/ExampleDeviceProfileSelector/Binaries/Win64/UE4Editor-ExampleDeviceProfileSelector.dll (API version 3944462).
LogModuleManager: Display: Found up-to-date module file ../../../Engine/Plugins/Runtime/ImmediatePhysics/Binaries/Win64/UE4Editor-ImmediatePhysics.dll (API version 3944462).
LogModuleManager: Display: Found up-to-date module file ../../../Engine/Plugins/Runtime/ImmediatePhysics/Binaries/Win64/UE4Editor-ImmediatePhysicsEditor.dll (API version 3944462).
LogModuleManager: Display: Found up-to-date module file ../../../Engine/Plugins/Runtime/LocationServicesBPLibrary/Binaries/Win64/UE4Editor-LocationServicesBPLibrary.dll (API version 3944462).
LogModuleManager: Display: Found up-to-date module file ../../../Engine/Plugins/Runtime/MobilePatchingUtils/Binaries/Win64/UE4Editor-MobilePatchingUtils.dll (API version 3944462).
LogModuleManager: Display: Found up-to-date module file ../../../Engine/Plugins/Runtime/Oculus/OculusVR/Binaries/Win64/UE4Editor-OculusHMD.dll (API version 3944462).
LogModuleManager: Display: Found up-to-date module file ../../../Engine/Plugins/Runtime/Oculus/OculusVR/Binaries/Win64/UE4Editor-OculusInput.dll (API version 3944462).
LogModuleManager: Display: Found up-to-date module file ../../../Engine/Plugins/Runtime/Oculus/OculusVR/Binaries/Win64/UE4Editor-OculusEditor.dll (API version 3944462).
LogModuleManager: Display: Found up-to-date module file ../../../Engine/Plugins/Runtime/PhysXVehicles/Binaries/Win64/UE4Editor-PhysXVehicles.dll (API version 3944462).
LogModuleManager: Display: Found up-to-date module file ../../../Engine/Plugins/Runtime/PhysXVehicles/Binaries/Win64/UE4Editor-PhysXVehiclesEditor.dll (API version 3944462).
LogModuleManager: Display: Found up-to-date module file ../../../Engine/Plugins/Runtime/RuntimePhysXCooking/Binaries/Win64/UE4Editor-RuntimePhysXCooking.dll (API version 3944462).
LogModuleManager: Display: Found up-to-date module file ../../../Engine/Plugins/Runtime/Steam/SteamVR/Binaries/Win64/UE4Editor-SteamVR.dll (API version 3944462).
LogModuleManager: Display: Found up-to-date module file ../../../Engine/Plugins/Runtime/Steam/SteamVR/Binaries/Win64/UE4Editor-SteamVRController.dll (API version 3944462).
LogModuleManager: Display: Found up-to-date module file ../../../Engine/Plugins/Runtime/WindowsMoviePlayer/Binaries/Win64/UE4Editor-WindowsMoviePlayer.dll (API version 3944462).
LogPluginManager: Mounting plugin Paper2D
LogPluginManager: Mounting plugin LiveLink
LogPluginManager: Mounting plugin LightPropagationVolume
LogPluginManager: Mounting plugin CLionSourceCodeAccess
LogPluginManager: Mounting plugin CodeLiteSourceCodeAccess
LogPluginManager: Mounting plugin GitSourceControl
LogPluginManager: Mounting plugin KDevelopSourceCodeAccess
LogPluginManager: Mounting plugin NullSourceCodeAccess
LogPluginManager: Mounting plugin PerforceSourceControl
LogPluginManager: Mounting plugin SubversionSourceControl
LogPluginManager: Mounting plugin UObjectPlugin
LogPluginManager: Mounting plugin VisualStudioCodeSourceCodeAccess
LogPluginManager: Mounting plugin VisualStudioSourceCodeAccess
LogPluginManager: Mounting plugin XCodeSourceCodeAccess
LogPluginManager: Mounting plugin AssetManagerEditor
LogPluginManager: Mounting plugin CryptoKeys
LogPluginManager: Mounting plugin DataValidation
LogPluginManager: Mounting plugin FacialAnimation
LogPluginManager: Mounting plugin GameplayTagsEditor
LogPluginManager: Mounting plugin MobileLauncherProfileWizard
LogPluginManager: Mounting plugin PluginBrowser
LogPluginManager: Mounting plugin SpeedTreeImporter
LogPluginManager: Mounting plugin DatasmithContent
LogPluginManager: Mounting plugin AlembicImporter
LogPluginManager: Mounting plugin CharacterAI
LogPluginManager: Mounting plugin HTML5Networking
LogPluginManager: Mounting plugin AndroidMedia
LogPluginManager: Mounting plugin AvfMedia
LogPluginManager: Mounting plugin ImgMedia
LogPluginManager: Mounting plugin LinearTimecode
LogPluginManager: Mounting plugin MediaCompositing
LogPluginManager: Mounting plugin MediaPlayerEditor
LogPluginManager: Mounting plugin WmfMedia
LogPluginManager: Mounting plugin TcpMessaging
LogPluginManager: Mounting plugin UdpMessaging
LogPluginManager: Mounting plugin ActorSequence
LogPluginManager: Mounting plugin LevelSequenceEditor
LogPluginManager: Mounting plugin MatineeToLevelSequence
LogPluginManager: Mounting plugin NetcodeUnitTest
LogPluginManager: Mounting plugin NUTUnrealEngine4
LogPluginManager: Mounting plugin OnlineSubsystemGooglePlay
LogPluginManager: Mounting plugin OnlineSubsystemIOS
LogPluginManager: Mounting plugin OnlineSubsystem
LogPluginManager: Mounting plugin OnlineSubsystemNull
LogPluginManager: Mounting plugin OnlineSubsystemUtils
LogPluginManager: Mounting plugin AndroidDeviceProfileSelector
LogPluginManager: Mounting plugin AndroidMoviePlayer
LogPluginManager: Mounting plugin AndroidPermission
LogPluginManager: Mounting plugin AppleARKit
LogPluginManager: Mounting plugin AppleMoviePlayer
LogPluginManager: Mounting plugin ArchVisCharacter
LogPluginManager: Mounting plugin AudioCapture
LogPluginManager: Mounting plugin CableComponent
LogPluginManager: Mounting plugin CustomMeshComponent
LogPluginManager: Mounting plugin ExampleDeviceProfileSelector
LogPluginManager: Mounting plugin GoogleCloudMessaging
LogPluginManager: Mounting plugin ImmediatePhysics
LogPluginManager: Mounting plugin IOSDeviceProfileSelector
LogPluginManager: Mounting plugin LinuxDeviceProfileSelector
LogPluginManager: Mounting plugin LocationServicesBPLibrary
LogPluginManager: Mounting plugin MobilePatchingUtils
LogPluginManager: Mounting plugin OculusVR
LogPluginManager: Plugin shader directory ../../../Engine/Plugins/Runtime/Oculus/OculusVR/Shaders found
LogPluginManager: Mapping shader source directory ../../../Engine/Plugins/Runtime/Oculus/OculusVR/Shaders to virtual directory /Plugin/OculusVR
LogPluginManager: Mounting plugin PhysXVehicles
LogPluginManager: Mounting plugin ProceduralMeshComponent
LogPluginManager: Mounting plugin RuntimePhysXCooking
LogPluginManager: Mounting plugin SteamVR
LogPluginManager: Mounting plugin WindowsMoviePlayer
LogStreaming: Display: Took  2.388s to configure plugins.
LogInit: Using libcurl 7.47.1
LogInit:  - built for x86_64-pc-win32
LogInit:  - supports SSL with OpenSSL/1.0.2g
LogInit:  - supports HTTP deflate (compression) using libz 1.2.8
LogInit:  - other features:
LogInit:      CURL_VERSION_SSL
LogInit:      CURL_VERSION_LIBZ
LogInit:      CURL_VERSION_IPV6
LogInit:      CURL_VERSION_ASYNCHDNS
LogInit:      CURL_VERSION_LARGEFILE
LogInit:      CURL_VERSION_IDN
LogInit:  CurlRequestOptions (configurable via config and command line):
LogInit:  - bVerifyPeer = false  - Libcurl will NOT verify peer certificate
LogInit:  - bUseHttpProxy = false  - Libcurl will NOT use HTTP proxy
LogInit:  - bDontReuseConnections = false  - Libcurl will reuse connections
LogInit:  - CertBundlePath = nullptr  - Libcurl will use whatever was configured at build time.
LogInit:  - MaxHostConnections = 16  - Libcurl will limit the number of connections to a host
LogInit:  - LocalHostAddr = Default
LogInit: WinSock: version 1.1 (2.2), MaxSocks=32767, MaxUdp=65467
LogInit: WinSock: I am LAPTOP-EQTDUEGN (192.168.0.5:0)
LogInit: Build: ++UE4+Release-4.19-CL-4033788
LogInit: Engine Version: 4.19.2-4033788+++UE4+Release-4.19
LogInit: Compatible Engine Version: 4.19.0-3944462+++UE4+Release-4.19
LogInit: Net CL: 3944462
LogDevObjectVersion: Number of dev versions registered: 18
LogDevObjectVersion:   Dev-Blueprints (B0D832E4-1F89-4F0D-ACCF-7EB736FD4AA2): 10
LogDevObjectVersion:   Dev-Build (E1C64328-A22C-4D53-A36C-8E866417BD8C): 0
LogDevObjectVersion:   Dev-Core (375EC13C-06E4-48FB-B500-84F0262A717E): 2
LogDevObjectVersion:   Dev-Editor (E4B068ED-F494-42E9-A231-DA0B2E46BB41): 23
LogDevObjectVersion:   Dev-Framework (CFFC743F-43B0-4480-9391-14DF171D2073): 33
LogDevObjectVersion:   Dev-Mobile (B02B49B5-BB20-44E9-A304-32B752E40360): 2
LogDevObjectVersion:   Dev-Networking (A4E4105C-59A1-49B5-A7C5-40C4547EDFEE): 0
LogDevObjectVersion:   Dev-Online (39C831C9-5AE6-47DC-9A44-9C173E1C8E7C): 0
LogDevObjectVersion:   Dev-Physics (78F01B33-EBEA-4F98-B9B4-84EACCB95AA2): 0
LogDevObjectVersion:   Dev-Platform (6631380F-2D4D-43E0-8009-CF276956A95A): 0
LogDevObjectVersion:   Dev-Rendering (12F88B9F-8875-4AFC-A67C-D90C383ABD29): 25
LogDevObjectVersion:   Dev-Sequencer (7B5AE74C-D270-4C10-A958-57980B212A5A): 6
LogDevObjectVersion:   Dev-VR (D7296918-1DD6-4BDD-9DE2-64A83CC13884): 1
LogDevObjectVersion:   Dev-LoadTimes (C2A15278-BFE7-4AFE-6C17-90FF531DF755): 1
LogDevObjectVersion:   Private-Geometry (6EACA3D4-40EC-4CC1-B786-8BED09428FC5): 2
LogDevObjectVersion:   Dev-AnimPhys (29E575DD-E0A3-4627-9D10-D276232CDCEA): 16
LogDevObjectVersion:   Dev-ReflectionCapture (6B266CEC-1EC7-4B8F-A30B-E4D90942FC07): 1
LogDevObjectVersion:   Dev-Automation (0DF73D61-A23F-47EA-B727-89E90C41499A): 1
LogInit: Compiled (64-bit): Apr 27 2018 02:06:57
LogInit: Compiled with Visual C++: 19.00.24215.01
LogInit: Build Configuration: Development
LogInit: Branch Name: ++UE4+Release-4.19
LogInit: Command Line:  
LogInit: Base Directory: C:/Program Files/Epic Games/UE_4.19/Engine/Binaries/Win64/
LogInit: Installed Engine Build: 1
LogStreaming: Display: Took  0.000s to delete old logs.
LogInit: Presizing for max 8388607 objects, including 0 objects not considered by GC, pre-allocating 0 bytes for permanent pool.
LogInit: Object subsystem initialized
[2018.06.17-18.58.26:465][  0]LogInit: Selected Device Profile: [Windows]
[2018.06.17-18.58.26:465][  0]LogInit: Applying CVar settings loaded from the selected device profile: [Windows]
[2018.06.17-18.58.26:509][  0]LogInit: Computer: LAPTOP-EQTDUEGN
[2018.06.17-18.58.26:509][  0]LogInit: User: Sumit
[2018.06.17-18.58.26:509][  0]LogInit: CPU Page size=4096, Cores=2
[2018.06.17-18.58.26:509][  0]LogInit: High frequency timer resolution =2.143476 MHz
[2018.06.17-18.58.26:509][  0]LogMemory: Memory total: Physical=7.9GB (8GB approx)
[2018.06.17-18.58.26:509][  0]LogMemory: Platform Memory Stats for Windows
[2018.06.17-18.58.26:509][  0]LogMemory: Process Physical Memory: 273.12 MB used, 273.12 MB peak
[2018.06.17-18.58.26:509][  0]LogMemory: Process Virtual Memory: 263.78 MB used, 263.78 MB peak
[2018.06.17-18.58.26:509][  0]LogMemory: Physical Memory: 4072.89 MB used,  4033.56 MB free, 8106.45 MB total
[2018.06.17-18.58.26:509][  0]LogMemory: Virtual Memory: 4779.74 MB used,  4033.56 MB free, 134217728.00 MB total
[2018.06.17-18.58.26:529][  0]LogInit: Using OS detected language (en-US).
[2018.06.17-18.58.26:529][  0]LogInit: Using OS detected locale (en-IN).
[2018.06.17-18.58.26:658][  0]LogTextLocalizationManager: No specific localization for 'en-US' exists, so the 'en' localization will be used.
[2018.06.17-18.58.27:305][  0]LogStreaming: Display: Took  0.776s to EndInitTextLocalization.
[2018.06.17-18.58.27:305][  0]LogInit: Setting process to per monitor DPI aware
[2018.06.17-18.58.27:462][  0]LogSlate: New Slate User Created.  User Index 0, Is Virtual User: 0
[2018.06.17-18.58.27:462][  0]LogSlate: Slate User Registered.  User Index 0, Is Virtual User: 0
[2018.06.17-18.58.31:915][  0]LogD3D11RHI: D3D11 adapters:
[2018.06.17-18.58.31:975][  0]LogD3D11RHI:    0. 'NVIDIA GeForce 940M' (Feature Level 11_0)
[2018.06.17-18.58.31:975][  0]LogD3D11RHI:       2014/0/4053 MB DedicatedVideo/DedicatedSystem/SharedSystem, Outputs:1, VendorId:0x10de
[2018.06.17-18.58.31:984][  0]LogD3D11RHI:    1. 'Intel(R) HD Graphics 5500' (Feature Level 11_0)
[2018.06.17-18.58.31:984][  0]LogD3D11RHI:       128/0/4053 MB DedicatedVideo/DedicatedSystem/SharedSystem, Outputs:0, VendorId:0x8086
[2018.06.17-18.58.31:988][  0]LogD3D11RHI:    2. 'Microsoft Basic Render Driver' (Feature Level 11_0)
[2018.06.17-18.58.31:988][  0]LogD3D11RHI:       0/0/4053 MB DedicatedVideo/DedicatedSystem/SharedSystem, Outputs:0, VendorId:0x1414
[2018.06.17-18.58.31:988][  0]LogD3D11RHI: Chosen D3D11 Adapter: 0
[2018.06.17-18.58.32:010][  0]LogD3D11RHI: Creating new Direct3DDevice
[2018.06.17-18.58.32:010][  0]LogD3D11RHI:     GPU DeviceId: 0x1347 (for the marketing name, search the web for "GPU Device Id")
[2018.06.17-18.58.32:010][  0]LogWindows: EnumDisplayDevices:
[2018.06.17-18.58.32:010][  0]LogWindows:    0. 'Intel(R) HD Graphics 5500' (P:1 D:1)
[2018.06.17-18.58.32:010][  0]LogWindows:    1. 'Intel(R) HD Graphics 5500' (P:0 D:0)
[2018.06.17-18.58.32:011][  0]LogWindows:    2. 'Intel(R) HD Graphics 5500' (P:0 D:0)
[2018.06.17-18.58.32:011][  0]LogWindows: DebugString: GetVideoDriverDetailsInvalid PrimaryIsNotTheChoosenAdapter GetVideoDriverDetailsInvalid PrimaryIsNotTheChoosenAdapter GetVideoDriverDetailsInvalid PrimaryIsNotTheChoosenAdapter FoundDriverCount:0 
[2018.06.17-18.58.32:011][  0]LogD3D11RHI:     Adapter Name: NVIDIA GeForce 940M
[2018.06.17-18.58.32:011][  0]LogD3D11RHI:   Driver Version: Unknown (internal:Unknown, unified:Unknown)
[2018.06.17-18.58.32:011][  0]LogD3D11RHI:      Driver Date: Unknown
[2018.06.17-18.58.32:011][  0]LogRHI: Texture pool is 1410 MB (70% of 2014 MB)
[2018.06.17-18.58.32:055][  0]LogD3D11RHI: [Aftermath] Aftermath enabled but failed to initialize
[2018.06.17-18.58.32:055][  0]LogD3D11RHI: [Aftermath] Aftermath enabled and primed
[2018.06.17-18.58.32:055][  0]LogD3D11RHI: Async texture creation enabled
[2018.06.17-18.58.32:072][  0]LogD3D11RHI: GPU Timing Frequency: 1000.000000 (Debug: 2 1)
[2018.06.17-18.58.32:073][  0]LogShaderCompilers: Guid format shader working directory is -16 characters bigger than the processId version (../../../../../../Users/Sumit/Documents/Unreal Projects/BorRun/Intermediate/Shaders/WorkingDirectory/6988/).
[2018.06.17-18.58.32:073][  0]LogShaderCompilers: Cleaned the shader compiler working directory 'C:/Users/Sumit/AppData/Local/Temp/UnrealShaderWorkingDir/84663B72453FE0DB8EB2848CEA0EB7A7/'.
[2018.06.17-18.58.32:379][  0]LogTemp: Display: Loaded TP AllDesktopTargetPlatform
[2018.06.17-18.58.32:396][  0]LogTemp: Display: Loaded TP MacClientTargetPlatform
[2018.06.17-18.58.32:414][  0]LogTemp: Display: Loaded TP MacNoEditorTargetPlatform
[2018.06.17-18.58.32:431][  0]LogTemp: Display: Loaded TP MacServerTargetPlatform
[2018.06.17-18.58.32:522][  0]LogTemp: Display: Loaded TP MacTargetPlatform
[2018.06.17-18.58.32:539][  0]LogTemp: Display: Loaded TP WindowsClientTargetPlatform
[2018.06.17-18.58.32:557][  0]LogTemp: Display: Loaded TP WindowsNoEditorTargetPlatform
[2018.06.17-18.58.32:579][  0]LogTemp: Display: Loaded TP WindowsServerTargetPlatform
[2018.06.17-18.58.32:588][  0]LogTemp: Display: Loaded TP WindowsTargetPlatform
[2018.06.17-18.58.32:604][  0]LogTemp: Display: Loaded TP Android_ASTCTargetPlatform
[2018.06.17-18.58.32:621][  0]LogTemp: Display: Loaded TP Android_ATCTargetPlatform
[2018.06.17-18.58.32:637][  0]LogTemp: Display: Loaded TP Android_DXTTargetPlatform
[2018.06.17-18.58.32:653][  0]LogTemp: Display: Loaded TP Android_ETC1aTargetPlatform
[2018.06.17-18.58.32:670][  0]LogTemp: Display: Loaded TP Android_ETC1TargetPlatform
[2018.06.17-18.58.32:685][  0]LogTemp: Display: Loaded TP Android_ETC2TargetPlatform
[2018.06.17-18.58.32:717][  0]LogTemp: Display: Loaded TP Android_MultiTargetPlatform
[2018.06.17-18.58.32:717][  0]LogTemp: Display: Loaded TP Android_PVRTCTargetPlatform
[2018.06.17-18.58.32:759][  0]LogTemp: Display: Loaded TP AndroidTargetPlatform
[2018.06.17-18.58.32:793][  0]LogTemp: Display: Loaded TP HTML5TargetPlatform
[2018.06.17-18.58.32:848][  0]LogTemp: Display: Loaded TP IOSTargetPlatform
[2018.06.17-18.58.32:863][  0]LogTemp: Display: Loaded TP TVOSTargetPlatform
[2018.06.17-18.58.32:879][  0]LogTemp: Display: Loaded TP LinuxClientTargetPlatform
[2018.06.17-18.58.32:894][  0]LogTemp: Display: Loaded TP LinuxNoEditorTargetPlatform
[2018.06.17-18.58.32:909][  0]LogTemp: Display: Loaded TP LinuxServerTargetPlatform
[2018.06.17-18.58.32:936][  0]LogTemp: Display: Loaded TP LinuxTargetPlatform
[2018.06.17-18.58.32:936][  0]LogTargetPlatformManager: Display: Building Assets For Windows
[2018.06.17-18.58.33:102][  0]LogXGEController: Cleaning working directory: C:/Users/Sumit/AppData/Local/Temp/UnrealXGEWorkingDir/
[2018.06.17-18.58.33:102][  0]LogXGEController: Cannot use XGE Controller as Incredibuild is not installed on this machine.
[2018.06.17-18.58.33:102][  0]LogShaderCompilers: Cannot use XGE Shader Compiler as Incredibuild is not installed on this machine.
[2018.06.17-18.58.33:102][  0]LogShaderCompilers: Display: Using Local Shader Compiler.
[2018.06.17-18.58.36:507][  0]LogDerivedDataCache: Display: Max Cache Size: 512 MB
[2018.06.17-18.58.36:858][  0]LogDerivedDataCache: Loaded boot cache 0.35s 74MB C:/Users/Sumit/AppData/Local/UnrealEngine/4.19/DerivedDataCache/Boot.ddc.
[2018.06.17-18.58.36:859][  0]LogDerivedDataCache: Display: Loaded Boot cache: C:/Users/Sumit/AppData/Local/UnrealEngine/4.19/DerivedDataCache/Boot.ddc
[2018.06.17-18.58.36:859][  0]LogDerivedDataCache: FDerivedDataBackendGraph:  Pak pak cache file ../../../../../../Users/Sumit/Documents/Unreal Projects/BorRun/DerivedDataCache/DDC.ddp not found, will not use a pak cache.
[2018.06.17-18.58.36:859][  0]LogDerivedDataCache: Unable to find inner node Pak for hierarchical cache Hierarchy.
[2018.06.17-18.58.36:859][  0]LogDerivedDataCache: FDerivedDataBackendGraph:  CompressedPak pak cache file ../../../../../../Users/Sumit/Documents/Unreal Projects/BorRun/DerivedDataCache/Compressed.ddp not found, will not use a pak cache.
[2018.06.17-18.58.36:859][  0]LogDerivedDataCache: Unable to find inner node CompressedPak for hierarchical cache Hierarchy.
[2018.06.17-18.58.36:880][  0]LogDerivedDataCache: Display: Pak cache opened for reading ../../../Engine/DerivedDataCache/Compressed.ddp.
[2018.06.17-18.58.36:892][  0]LogDerivedDataCache: Using Local data cache path C:/Users/Sumit/AppData/Local/UnrealEngine/Common/DerivedDataCache: Writable
[2018.06.17-18.58.36:892][  0]LogDerivedDataCache: Shared data cache path not found in *engine.ini, will not use an Shared cache.
[2018.06.17-18.58.36:892][  0]LogDerivedDataCache: Unable to find inner node Shared for hierarchical cache Hierarchy.
[2018.06.17-18.58.36:906][  0]LogMaterial: Verifying Global Shaders for PCD3D_SM5
[2018.06.17-18.58.36:907][  0]LogSlate: Using Freetype 2.6.0
[2018.06.17-18.58.36:937][  0]LogSlate: SlateFontCache - WITH_FREETYPE: 1, WITH_HARFBUZZ: 1
[2018.06.17-18.58.36:937][  0]LogSlate: SlateFontCache - WITH_FREETYPE: 1, WITH_HARFBUZZ: 1
[2018.06.17-18.58.38:540][  0]LogAssetRegistry: FAssetRegistry took 0.0280 seconds to start up
[2018.06.17-18.58.38:944][  0]LogInit: Selected Device Profile: [Windows]
[2018.06.17-18.58.39:159][  0]LogSimplygon: Simplygon DLL not present - disabling.
[2018.06.17-18.58.39:163][  0]LogMeshReduction: Using SimplygonSwarm for distributed automatic mesh merging
[2018.06.17-18.58.39:163][  0]LogMeshReduction: Using QuadricMeshReduction for automatic static mesh reduction
[2018.06.17-18.58.39:163][  0]LogMeshReduction: No automatic skeletal mesh reduction module available
[2018.06.17-18.58.39:163][  0]LogMeshReduction: No automatic mesh merging module available
[2018.06.17-18.58.39:163][  0]LogMeshMerging: No automatic mesh merging module available
[2018.06.17-18.58.39:208][  0]LogNetVersion: BorRun , NetCL: 3944462, EngineNetVer: 2, GameNetVer: 0 (Checksum: 1811221165)
[2018.06.17-18.58.39:874][  0]LogPackageLocalizationCache: Processed 9 localized package path(s) for 2 prioritized culture(s) in 0.125539 seconds
[2018.06.17-18.58.39:881][  0]LogUObjectArray: 36728 objects as part of root set at end of initial load.
[2018.06.17-18.58.39:881][  0]LogUObjectAllocator: 7314312 out of 0 bytes used by permanent object pool.
[2018.06.17-18.58.39:881][  0]LogUObjectArray: CloseDisregardForGC: 0/0 objects in disregard for GC pool
[2018.06.17-18.59.04:308][  0]LogTcpMessaging: Initializing TcpMessaging bridge
[2018.06.17-18.59.04:342][  0]LogUdpMessaging: Initializing bridge on interface 0.0.0.0:0 to multicast group 230.0.0.1:6666.
[2018.06.17-18.59.04:904][  0]SourceControl: Source control is disabled
[2018.06.17-18.59.04:904][  0]SourceControl: Source control is disabled
[2018.06.17-18.59.04:927][  0]SourceControl: Source control is disabled
[2018.06.17-18.59.04:949][  0]SourceControl: Source control is disabled
[2018.06.17-18.59.05:690][  0]LogAndroidPermission: UAndroidPermissionCallbackProxy::GetInstance
[2018.06.17-18.59.05:870][  0]LogOcInput: OculusInput pre-init called
[2018.06.17-18.59.06:033][  0]LogEngine: Initializing Engine...
[2018.06.17-18.59.06:034][  0]LogHMD: Failed to initialize OpenVR with code 110
[2018.06.17-18.59.06:036][  0]LogStats: UGameplayTagsManager::ConstructGameplayTagTree: Construct from data asset -  0.000 s
[2018.06.17-18.59.06:036][  0]LogStats: UGameplayTagsManager::ConstructGameplayTagTree: GameplayTagTreeChangedEvent.Broadcast -  0.000 s
[2018.06.17-18.59.06:335][  0]LogAIModule: Creating AISystem for world Untitled
[2018.06.17-18.59.06:362][  0]LogInit: XAudio2 using 'Speakers (Realtek High Definition Audio)' : 2 channels at 48 kHz using 32 bits per sample (channel mask 0x3)
[2018.06.17-18.59.06:557][  0]LogInit: FAudioDevice initialized.
[2018.06.17-18.59.06:801][  0]LogDerivedDataCache: Saved boot cache 0.24s 74MB C:/Users/Sumit/AppData/Local/UnrealEngine/4.19/DerivedDataCache/Boot.ddc.
[2018.06.17-18.59.06:813][  0]LogInit: Texture streaming: Enabled
[2018.06.17-18.59.06:832][  0]LogEngineSessionManager: EngineSessionManager initialized
[2018.06.17-18.59.06:851][  0]LogInit: Transaction tracking system initialized
[2018.06.17-18.59.06:883][  0]BlueprintLog: New page: Editor Load
[2018.06.17-18.59.07:094][  0]LocalizationService: Localization service is disabled
[2018.06.17-18.59.07:192][  0]LogLinker: Warning: Can't find file '/Game/2DSideScrollerBP/2DSideScrollerOverview'
[2018.06.17-18.59.07:192][  0]LogLinker: Warning: Can't find file '/Game/2DSideScrollerBP/2DSideScrollerOverview'
[2018.06.17-18.59.07:192][  0]LogUObjectGlobals: Warning: Failed to find object 'Class /Game/2DSideScrollerBP/2DSideScrollerOverview.2DSideScrollerOverview_C'
[2018.06.17-18.59.07:442][  0]LogConsoleResponse: Display: 
[2018.06.17-18.59.07:647][  0]LogCook: Display: Max memory allowance for cook 16384mb min free memory 0mb
[2018.06.17-18.59.07:647][  0]LogCook: Display: Mobile HDR setting 1
[2018.06.17-18.59.07:647][  0]LogGameplayTags: Display: UGameplayTagsManager::DoneAddingNativeTags. DelegateIsBound: 0
[2018.06.17-18.59.07:647][  0]LogStats: UGameplayTagsManager::ConstructGameplayTagTree: Construct from data asset -  0.000 s
[2018.06.17-18.59.07:647][  0]LogStats: UGameplayTagsManager::ConstructGameplayTagTree: GameplayTagTreeChangedEvent.Broadcast -  0.000 s
[2018.06.17-18.59.08:133][  0]LogFileCache: Scanning file cache for directory 'C:/Users/Sumit/Documents/Unreal Projects/BorRun/Content/' took 0.02s
[2018.06.17-18.59.08:746][  0]SourceControl: Source control is disabled
[2018.06.17-18.59.08:746][  0]Cmd: MAP LOAD FILE="../../../../../../Users/Sumit/Documents/Unreal Projects/BorRun/Content/ThirdPersonBP/Maps/ThirdPersonExampleMap.umap" TEMPLATE=0 SHOWPROGRESS=1 FEATURELEVEL=3
[2018.06.17-18.59.08:747][  0]LightingResults: New page: Lighting Build
[2018.06.17-18.59.08:751][  0]MapCheck: New page: Map Check
[2018.06.17-18.59.08:751][  0]LightingResults: New page: Lighting Build
[2018.06.17-18.59.08:821][  0]LogUObjectGlobals: Created PersistentFrame Addr=0x0000021fc09a4ea0, Size=72, Default__ThirdPerson_AnimBP_C Function /Game/Mannequin/Animations/ThirdPerson_AnimBP.ThirdPerson_AnimBP_C:ExecuteUbergraph_ThirdPerson_AnimBP
[2018.06.17-18.59.08:833][  0]LogUObjectGlobals: Destroyed PersistentFrame Addr=0x0000021fc09a4ea0, Size=72
[2018.06.17-18.59.08:833][  0]LogUObjectGlobals: Created PersistentFrame Addr=0x0000021fc44158a0, Size=72, Default__ThirdPerson_AnimBP_C Function /Engine/Transient.REINST_ThirdPerson_AnimBP_C_0:ExecuteUbergraph_ThirdPerson_AnimBP
[2018.06.17-18.59.08:843][  0]LogUObjectGlobals: Created PersistentFrame Addr=0x0000021fbf6d9a30, Size=72, Default__ThirdPerson_AnimBP_C Function /Game/Mannequin/Animations/ThirdPerson_AnimBP.ThirdPerson_AnimBP_C:ExecuteUbergraph_ThirdPerson_AnimBP
[2018.06.17-18.59.08:890][  0]LogUObjectGlobals: Created PersistentFrame Addr=0x0000021fc440c700, Size=248, Default__ThirdPersonCharacter_C Function /Game/ThirdPersonBP/Blueprints/ThirdPersonCharacter.ThirdPersonCharacter_C:ExecuteUbergraph_ThirdPersonCharacter
[2018.06.17-18.59.08:895][  0]LogUObjectGlobals: Destroyed PersistentFrame Addr=0x0000021fc440c700, Size=248
[2018.06.17-18.59.08:895][  0]LogUObjectGlobals: Created PersistentFrame Addr=0x0000021fc440c700, Size=248, Default__ThirdPersonCharacter_C Function /Engine/Transient.REINST_ThirdPersonCharacter_C_4:ExecuteUbergraph_ThirdPersonCharacter
[2018.06.17-18.59.08:900][  0]LogUObjectGlobals: Created PersistentFrame Addr=0x0000021fbf7fd400, Size=248, Default__ThirdPersonCharacter_C Function /Game/ThirdPersonBP/Blueprints/ThirdPersonCharacter.ThirdPersonCharacter_C:ExecuteUbergraph_ThirdPersonCharacter
[2018.06.17-18.59.09:212][  0]LogSkeletalMesh: Skeletal Mesh found in DDC [139.212189ms] /Game/Mannequin/Character/Mesh/SK_Mannequin.SK_Mannequin
[2018.06.17-18.59.09:635][  0]LogAIModule: Creating AISystem for world ThirdPersonExampleMap
[2018.06.17-18.59.09:648][  0]LogEditorServer: Finished looking for orphan Actors (0.000 secs)
[2018.06.17-18.59.09:666][  0]LogUObjectGlobals: Destroyed PersistentFrame Addr=0x0000021fc44158a0, Size=72
[2018.06.17-18.59.09:666][  0]LogUObjectGlobals: Destroyed PersistentFrame Addr=0x0000021fc440c700, Size=248
[2018.06.17-18.59.09:667][  0]Cmd: MAP CHECKDEP NOCLEARLOG
[2018.06.17-18.59.09:743][  0]MapCheck: Map check complete: 0 Error(s), 0 Warning(s), took 74.877ms to complete.
[2018.06.17-18.59.09:743][  0]LogFileHelpers: Loading map 'ThirdPersonExampleMap' took 0.996
[2018.06.17-18.59.09:991][  0]LogCollectionManager: Loaded 0 collections in 0.002536 seconds
[2018.06.17-18.59.10:035][  0]LogFileCache: Scanning file cache for directory 'C:/Users/Sumit/Documents/Unreal Projects/BorRun/Saved/Collections/' took 0.01s
[2018.06.17-18.59.10:035][  0]LogFileCache: Scanning file cache for directory 'C:/Users/Sumit/Documents/Unreal Projects/BorRun/Content/Developers/Sumit/Collections/' took 0.01s
[2018.06.17-18.59.10:035][  0]LogFileCache: Scanning file cache for directory 'C:/Users/Sumit/Documents/Unreal Projects/BorRun/Content/Collections/' took 0.01s
[2018.06.17-18.59.10:035][  0]LogCollectionManager: Rebuilt the GUID cache for 0 collections in 0.000000 seconds
[2018.06.17-18.59.10:046][  0]LogContentBrowser: Native class hierarchy populated in 0.0114 seconds. Added 2452 classes and 558 folders.
[2018.06.17-18.59.10:055][  0]LogContentBrowser: Native class hierarchy updated for 'WidgetCarousel' in 0.0002 seconds. Added 0 classes and 0 folders.
[2018.06.17-18.59.10:713][  0]LogContentBrowser: Native class hierarchy updated for 'AddContentDialog' in 0.0003 seconds. Added 0 classes and 0 folders.
[2018.06.17-18.59.10:732][  0]LogContentBrowser: Native class hierarchy updated for 'SceneOutliner' in 0.0003 seconds. Added 1 classes and 2 folders.
[2018.06.17-18.59.10:843][  0]LogSlate: Took 0.016961 seconds to synchronously load lazily loaded font '../../../Engine/Content/Slate/Fonts/Roboto-Regular.ttf' (155K)
[2018.06.17-18.59.10:868][  0]LogSlate: Took 0.019881 seconds to synchronously load lazily loaded font '../../../Engine/Content/Slate/Fonts/Roboto-Bold.ttf' (160K)
[2018.06.17-18.59.10:892][  0]LogSlate: Took 0.020656 seconds to synchronously load lazily loaded font '../../../Engine/Content/Editor/Slate/Fonts/FontAwesome.ttf' (139K)
[2018.06.17-18.59.10:997][  0]LogRenderer: Reallocating scene render targets to support 1220x372 Format 10 NumSamples 1 (Frame:1).
[2018.06.17-18.59.11:203][  0]LogContentBrowser: Native class hierarchy updated for 'HierarchicalLODOutliner' in 0.0003 seconds. Added 0 classes and 0 folders.
[2018.06.17-18.59.11:203][  0]LogLoad: (Engine Initialization) Total time: 51.61 seconds
[2018.06.17-18.59.11:203][  0]LogLoad: (Engine Initialization) Total Blueprint compile time: 0.00 seconds
[2018.06.17-18.59.11:562][  0]LogContentStreaming: Texture pool size now 3000 MB
[2018.06.17-18.59.11:888][  1]LogAssetRegistry: Asset discovery search completed in 33.3710 seconds
[2018.06.17-18.59.11:891][  1]LogCollectionManager: Rebuilt the object cache for 0 collections in 0.000000 seconds (found 0 objects)
[2018.06.17-18.59.11:891][  1]LogCollectionManager: Fixed up redirectors for 0 collections in 0.000067 seconds (updated 0 objects)
[2018.06.17-18.59.15:943][ 13]LogSlate: Took 0.058356 seconds to synchronously load lazily loaded font '../../../Engine/Content/Slate/Fonts/Roboto-Light.ttf' (167K)
[2018.06.17-19.01.00:733][503]LogUObjectGlobals: Created PersistentFrame Addr=0x0000021fc0be3f40, Size=16, Default__ThirdPersonGameMode_C Function /Game/ThirdPersonBP/Blueprints/ThirdPersonGameMode.ThirdPersonGameMode_C:ExecuteUbergraph_ThirdPersonGameMode
[2018.06.17-19.01.00:739][503]LogUObjectGlobals: Destroyed PersistentFrame Addr=0x0000021fc0be3f40, Size=16
[2018.06.17-19.01.00:739][503]LogUObjectGlobals: Created PersistentFrame Addr=0x0000021fc0be3f40, Size=16, Default__ThirdPersonGameMode_C Function /Engine/Transient.REINST_ThirdPersonGameMode_C_10:ExecuteUbergraph_ThirdPersonGameMode
[2018.06.17-19.01.00:748][503]LogUObjectGlobals: Created PersistentFrame Addr=0x0000021fc1084600, Size=16, Default__ThirdPersonGameMode_C Function /Game/ThirdPersonBP/Blueprints/ThirdPersonGameMode.ThirdPersonGameMode_C:ExecuteUbergraph_ThirdPersonGameMode
[2018.06.17-19.01.00:793][503]LogSlate: FSceneViewport::OnFocusLost() reason 2
[2018.06.17-19.01.17:827][648]LogSourceControl: Warning: '../../../../../../Users/Sumit/Documents/Unreal Projects/BorRun/' is not part of a Git repository
[2018.06.17-19.01.59:932][806]SourceControl: Source control is disabled
[2018.06.17-19.01.59:932][806]LogSlate: Window 'Source Control Login' being destroyed
[2018.06.17-19.15.13:975][624]LogSlate: FSceneViewport::OnFocusLost() reason 2
[2018.06.17-19.15.15:307][720]LogSlate: FSceneViewport::OnFocusLost() reason 2
[2018.06.17-19.15.16:842][767]LogUObjectGlobals: Destroyed PersistentFrame Addr=0x0000021fc0be3f40, Size=16
[2018.06.17-19.15.16:844][767]Cmd: MAP LOAD FILE="../../../../../../Users/Sumit/Documents/Unreal Projects/BorRun/Content/BotRunLVL1.umap" TEMPLATE=0 SHOWPROGRESS=1 FEATURELEVEL=3
[2018.06.17-19.15.16:855][767]LogSlate: Took 0.000656 seconds to synchronously load lazily loaded font '../../../Engine/Content/Slate/Fonts/Roboto-Light.ttf' (167K)
[2018.06.17-19.15.16:887][767]LightingResults: New page: Lighting Build
[2018.06.17-19.15.16:890][767]LoadErrors: New page: Loading map: BotRunLVL1.umap
[2018.06.17-19.15.16:895][767]MapCheck: New page: Map Check
[2018.06.17-19.15.16:895][767]LightingResults: New page: Lighting Build
[2018.06.17-19.15.16:938][767]LogLinker: Warning: Can't find file '/Game/BotRunLVL1_BuiltData'
[2018.06.17-19.15.16:939][767]LogLinker: Warning: Can't find file for asset '/Game/BotRunLVL1_BuiltData' while loading ../../../../../../Users/Sumit/Documents/Unreal Projects/BorRun/Content/BotRunLVL1.umap.
[2018.06.17-19.15.16:939][767]LoadErrors: Error: /Game/BotRunLVL1 : Can't find file for asset. /Game/BotRunLVL1_BuiltData
[2018.06.17-19.15.16:941][767]LogLinker: Warning: Can't find file '/Game/BotRunLVL1_BuiltData'
[2018.06.17-19.15.16:942][767]LogLinker: Warning: Can't find file for asset '/Game/BotRunLVL1_BuiltData' while loading ../../../../../../Users/Sumit/Documents/Unreal Projects/BorRun/Content/BotRunLVL1.umap.
[2018.06.17-19.15.16:952][767]LogLinker: Warning: Can't find file '/Game/BotRunLVL1_BuiltData'
[2018.06.17-19.15.16:953][767]LoadErrors: Failed to load /Game/BotRunLVL1_BuiltData.BotRunLVL1_BuiltData Referenced by PersistentLevel
[2018.06.17-19.15.16:953][767]LogLinker: Warning: Can't find file for asset '/Game/BotRunLVL1_BuiltData' while loading NULL.
[2018.06.17-19.15.16:961][767]LogAIModule: Creating AISystem for world BotRunLVL1
[2018.06.17-19.15.17:086][767]LogEditorServer: Finished looking for orphan Actors (0.000 secs)
[2018.06.17-19.15.17:229][767]Cmd: MAP CHECKDEP NOCLEARLOG
[2018.06.17-19.15.17:381][767]MapCheck: Map check complete: 0 Error(s), 0 Warning(s), took 151.279ms to complete.
[2018.06.17-19.15.17:381][767]LogFileHelpers: Loading map 'BotRunLVL1' took 0.537
[2018.06.17-19.15.17:384][767]LogSlate: Window 'Open Level' being destroyed
[2018.06.17-19.15.31:749][216]LogSlate: Window 'Message Log' being destroyed
[2018.06.17-19.15.31:761][216]LogSlate: Window 'Message Log' being destroyed
[2018.06.17-19.15.34:886][299]LogSlate: FSceneViewport::OnFocusLost() reason 2
[2018.06.17-19.15.35:941][351]LogTemp: Repeating last play command: Selected Viewport
[2018.06.17-19.15.35:983][351]LogPlayLevel: PlayLevel: No blueprints needed recompiling
[2018.06.17-19.15.35:984][351]PIE: New page: PIE session: BotRunLVL1 (18-Jun-2018 6:15:35 am)
[2018.06.17-19.15.35:984][351]LogPlayLevel: Creating play world package: /Game/UEDPIE_0_BotRunLVL1
[2018.06.17-19.15.35:988][351]LogPlayLevel: PIE: StaticDuplicateObject took: (0.004473s)
[2018.06.17-19.15.35:989][351]LogAIModule: Creating AISystem for world BotRunLVL1
[2018.06.17-19.15.35:990][351]LogPlayLevel: PIE: World Init took: (0.001355s)
[2018.06.17-19.15.35:990][351]LogPlayLevel: PIE: Created PIE world by copying editor world from /Game/BotRunLVL1.BotRunLVL1 to /Game/UEDPIE_0_BotRunLVL1.BotRunLVL1 (0.006061s)
[2018.06.17-19.15.36:006][351]LogInit: XAudio2 using 'Speakers (Realtek High Definition Audio)' : 2 channels at 48 kHz using 32 bits per sample (channel mask 0x3)
[2018.06.17-19.15.36:024][351]LogInit: FAudioDevice initialized.
[2018.06.17-19.15.36:073][351]LogLoad: Game class is 'ThirdPersonGameMode_C'
[2018.06.17-19.15.36:075][351]LogWorld: Bringing World /Game/UEDPIE_0_BotRunLVL1.BotRunLVL1 up for play (max tick rate 0) at 2018.06.18-00.45.36
[2018.06.17-19.15.36:075][351]LogWorld: Bringing up level for play took: 0.000693
[2018.06.17-19.15.36:085][351]LogContentBrowser: Native class hierarchy updated for 'MovieSceneCapture' in 0.0003 seconds. Added 11 classes and 0 folders.
[2018.06.17-19.15.36:090][351]PIE: Play in editor start time for /Game/UEDPIE_0_BotRunLVL1 0.242
[2018.06.17-19.15.42:937][571]LogSlate: FSceneViewport::OnFocusLost() reason 0
[2018.06.17-19.16.09:121][197]LogSlate: FSceneViewport::OnFocusLost() reason 0
[2018.06.17-19.16.17:539][397]LogSlate: FSceneViewport::OnFocusLost() reason 0
[2018.06.17-19.16.22:766][502]LogContentBrowser: Native class hierarchy updated for 'BlueprintGraph' in 0.0008 seconds. Added 116 classes and 0 folders.
[2018.06.17-19.16.23:150][502]LogUObjectGlobals: Created PersistentFrame Addr=0x0000021fff2bc428, Size=4, Default__SKEL_PROTO_BP_AnimBlueprint_0_C Function /Engine/Transient.SKEL_PROTO_BP_AnimBlueprint_0_C:ExecuteUbergraph_PROTO_BP_AnimBlueprint_0
[2018.06.17-19.16.23:151][502]LogUObjectGlobals: Created PersistentFrame Addr=0x0000021fff2bc420, Size=4, Default__PROTO_BP_AnimBlueprint_0_C Function /Engine/Transient.PROTO_BP_AnimBlueprint_0_C:ExecuteUbergraph_PROTO_BP_AnimBlueprint_0
[2018.06.17-19.16.23:749][502]LogSlate: Took 0.060119 seconds to synchronously load lazily loaded font '../../../Engine/Content/Slate/Fonts/Roboto-BoldCondensed.ttf' (158K)
[2018.06.17-19.16.29:565][647]LogRenderer: Reallocating scene render targets to support 1220x540 Format 10 NumSamples 1 (Frame:1).
[2018.06.17-19.16.38:734][789]LogSlate: FSceneViewport::OnFocusLost() reason 2
[2018.06.17-19.16.44:679][953]LogSlate: Took 0.060737 seconds to synchronously load lazily loaded font '../../../Engine/Content/Slate/Fonts/Roboto-Italic.ttf' (157K)
[2018.06.17-19.18.15:341][487]LogSlate: FSceneViewport::OnFocusLost() reason 0
[2018.06.17-19.18.29:196][696]LogSlate: FSceneViewport::OnFocusLost() reason 0
[2018.06.17-19.19.03:220][251]LogSlate: FSceneViewport::OnFocusLost() reason 0
[2018.06.17-19.19.45:017][879]LogSlate: FSceneViewport::OnFocusLost() reason 0
[2018.06.17-19.19.49:133][942]LogSlate: FSceneViewport::OnFocusLost() reason 0
[2018.06.17-19.19.56:256][101]LogSlate: FSceneViewport::OnFocusLost() reason 0
[2018.06.17-19.20.41:131][769]LogSlate: FSceneViewport::OnFocusLost() reason 0
[2018.06.17-19.20.48:383][951]LogUObjectGlobals: Created PersistentFrame Addr=0x0000021ffb2e4110, Size=4, Default__SKEL_Master_Tile_C Function /Game/Ruuner/Blueprints/Master_Tile.SKEL_Master_Tile_C:ExecuteUbergraph_Master_Tile
[2018.06.17-19.21.52:208][676]LogD3D11RHI: Timed out while waiting for GPU to catch up. (0.5 s)
[2018.06.17-19.22.08:117][247]LogD3D11RHI: Timed out while waiting for GPU to catch up. (0.5 s)
[2018.06.17-19.24.21:417][ 21]BlueprintLog: New page: Compile Master_Tile
[2018.06.17-19.24.21:429][ 21]LogUObjectGlobals: Destroyed PersistentFrame Addr=0x0000021ffb2e4110, Size=4
[2018.06.17-19.24.21:430][ 21]LogUObjectGlobals: Created PersistentFrame Addr=0x000002201917ba08, Size=4, Default__SKEL_Master_Tile_C Function /Engine/Transient.REINST_SKEL_Master_Tile_C_34:ExecuteUbergraph_Master_Tile
[2018.06.17-19.24.21:468][ 21]LogUObjectGlobals: Created PersistentFrame Addr=0x000002201a791ec0, Size=224, Default__Master_Tile_C Function /Game/Ruuner/Blueprints/Master_Tile.Master_Tile_C:ExecuteUbergraph_Master_Tile
[2018.06.17-19.24.22:178][ 21]LogUObjectGlobals: Destroyed PersistentFrame Addr=0x000002201917ba08, Size=4
[2018.06.17-19.24.24:164][ 67]LogSlate: Window 'Master_Tile*' being destroyed
[2018.06.17-19.24.24:177][ 67]LogSlate: Window 'Master_Tile*' being destroyed
[2018.06.17-19.24.26:392][121]LogSlate: FSceneViewport::OnFocusLost() reason 0
[2018.06.17-19.24.26:481][124]LogTemp: Repeating last play command: Selected Viewport
[2018.06.17-19.24.26:538][124]LogPlayLevel: PlayLevel: No blueprints needed recompiling
[2018.06.17-19.24.26:538][124]PIE: New page: PIE session: BotRunLVL1 (18-Jun-2018 6:24:26 am)
[2018.06.17-19.24.26:539][124]LogPlayLevel: Creating play world package: /Game/UEDPIE_0_BotRunLVL1
[2018.06.17-19.24.26:543][124]LogPlayLevel: PIE: StaticDuplicateObject took: (0.004564s)
[2018.06.17-19.24.26:545][124]LogAIModule: Creating AISystem for world BotRunLVL1
[2018.06.17-19.24.26:546][124]LogPlayLevel: PIE: World Init took: (0.002709s)
[2018.06.17-19.24.26:546][124]LogPlayLevel: PIE: Created PIE world by copying editor world from /Game/BotRunLVL1.BotRunLVL1 to /Game/UEDPIE_0_BotRunLVL1.BotRunLVL1 (0.007711s)
[2018.06.17-19.24.26:594][124]LogInit: XAudio2 using 'Speakers (Realtek High Definition Audio)' : 2 channels at 48 kHz using 32 bits per sample (channel mask 0x3)
[2018.06.17-19.24.26:623][124]LogInit: FAudioDevice initialized.
[2018.06.17-19.24.26:668][124]LogLoad: Game class is 'ThirdPersonGameMode_C'
[2018.06.17-19.24.26:671][124]LogWorld: Bringing World /Game/UEDPIE_0_BotRunLVL1.BotRunLVL1 up for play (max tick rate 0) at 2018.06.18-00.54.26
[2018.06.17-19.24.26:671][124]LogWorld: Bringing up level for play took: 0.001443
[2018.06.17-19.24.26:752][124]PIE: Play in editor start time for /Game/UEDPIE_0_BotRunLVL1 0.904
[2018.06.17-19.24.44:001][566]LogSlate: FSceneViewport::OnFocusLost() reason 0
[2018.06.17-19.25.13:682][439]BlueprintLog: New page: Compile Master_Tile
[2018.06.17-19.25.13:707][439]LogUObjectGlobals: Destroyed PersistentFrame Addr=0x000002201a791ec0, Size=224
[2018.06.17-19.25.13:707][439]LogUObjectGlobals: Created PersistentFrame Addr=0x000002200db80800, Size=224, Default__Master_Tile_C Function /Engine/Transient.REINST_Master_Tile_C_44:ExecuteUbergraph_Master_Tile
[2018.06.17-19.25.13:712][439]LogUObjectGlobals: Created PersistentFrame Addr=0x0000021ffde31440, Size=224, Default__Master_Tile_C Function /Game/Ruuner/Blueprints/Master_Tile.Master_Tile_C:ExecuteUbergraph_Master_Tile
[2018.06.17-19.25.15:098][457]LogSlate: Window 'Master_Tile*' being destroyed
[2018.06.17-19.25.15:117][457]LogSlate: Window 'Master_Tile*' being destroyed
[2018.06.17-19.25.16:635][494]LogSlate: FSceneViewport::OnFocusLost() reason 0
[2018.06.17-19.25.16:741][498]LogTemp: Repeating last play command: Selected Viewport
[2018.06.17-19.25.16:784][498]LogPlayLevel: PlayLevel: No blueprints needed recompiling
[2018.06.17-19.25.16:784][498]PIE: New page: PIE session: BotRunLVL1 (18-Jun-2018 6:25:16 am)
[2018.06.17-19.25.16:785][498]LogPlayLevel: Creating play world package: /Game/UEDPIE_0_BotRunLVL1
[2018.06.17-19.25.16:790][498]LogPlayLevel: PIE: StaticDuplicateObject took: (0.005583s)
[2018.06.17-19.25.16:792][498]LogAIModule: Creating AISystem for world BotRunLVL1
[2018.06.17-19.25.16:793][498]LogPlayLevel: PIE: World Init took: (0.002196s)
[2018.06.17-19.25.16:793][498]LogPlayLevel: PIE: Created PIE world by copying editor world from /Game/BotRunLVL1.BotRunLVL1 to /Game/UEDPIE_0_BotRunLVL1.BotRunLVL1 (0.008174s)
[2018.06.17-19.25.16:844][498]LogInit: XAudio2 using 'Speakers (Realtek High Definition Audio)' : 2 channels at 48 kHz using 32 bits per sample (channel mask 0x3)
[2018.06.17-19.25.16:875][498]LogInit: FAudioDevice initialized.
[2018.06.17-19.25.16:916][498]LogLoad: Game class is 'ThirdPersonGameMode_C'
[2018.06.17-19.25.16:918][498]LogWorld: Bringing World /Game/UEDPIE_0_BotRunLVL1.BotRunLVL1 up for play (max tick rate 0) at 2018.06.18-00.55.16
[2018.06.17-19.25.16:918][498]LogWorld: Bringing up level for play took: 0.001168
[2018.06.17-19.25.16:932][498]PIE: Play in editor start time for /Game/UEDPIE_0_BotRunLVL1 1.083
[2018.06.17-19.25.17:179][499]LogCharacterMovement: Warning: GetSimulationTimeStep() - Max iterations 8 hit while remaining time 0.072623 > MaxSimulationTimeStep (0.050) for 'ThirdPersonCharacter_C_0', movement 'Walking'
[2018.06.17-19.25.29:718][868]LogSlate: FSceneViewport::OnFocusLost() reason 0
[2018.06.17-19.25.47:428][315]LogSlate: FSceneViewport::OnFocusLost() reason 0
[2018.06.17-19.26.41:364][566]LogFileHelpers: Editor autosave (incl. sublevels) for '/Game/BotRunLVL1' took 0.233
[2018.06.17-19.26.41:376][566]OBJ SavePackage: Generating thumbnails for [1] asset(s) in package [/Game/Ruuner/Blueprints/Master_Tile] ([1] browsable assets)...
[2018.06.17-19.26.41:518][566]OBJ SavePackage:     Rendered thumbnail for [Blueprint /Game/Ruuner/Blueprints/Master_Tile.Master_Tile]
[2018.06.17-19.26.41:519][566]OBJ SavePackage: Finished generating thumbnails for package [/Game/Ruuner/Blueprints/Master_Tile]
[2018.06.17-19.26.41:594][566]LogSavePackage: Save=59.32ms
[2018.06.17-19.26.41:594][566]LogSavePackage: Moving '../../../../../../Users/Sumit/Documents/Unreal Projects/BorRun/Saved/Master_Tile_Auto12B33CAB643DA11CE205B8BA4A8E7440E.tmp' to '../../../../../../Users/Sumit/Documents/Unreal Projects/BorRun/Saved/Autosaves/Game/Ruuner/Blueprints/Master_Tile_Auto1.uasset'
[2018.06.17-19.26.41:597][566]LogSavePackage: Display: Finished SavePackage ../../../../../../Users/Sumit/Documents/Unreal Projects/BorRun/Saved/Autosaves/Game/Ruuner/Blueprints/Master_Tile_Auto1.uasset
[2018.06.17-19.26.41:597][566]LogFileHelpers: Auto-saving content packages took 0.229
